<?xml version="1.0" encoding="UTF-8"?>
<!-- Generated by org.testng.reporters.JUnitReportReporter -->
<testsuite hostname="LAPTOP-24SDF65R" failures="0" tests="1" name="BDDMavenGroup.RestAssureTest" time="0.004" errors="0" timestamp="2021-08-29T22:41:28 IST" skipped="0">
  <testcase classname="BDDMavenGroup.RestAssureTest" name="r" time="0.004"/>
  <system-out/>
</testsuite> <!-- BDDMavenGroup.RestAssureTest -->
