<?xml version="1.0" encoding="UTF-8"?>
<!-- Generated by org.testng.reporters.JUnitReportReporter -->
<testsuite hostname="LAPTOP-24SDF65R" failures="0" tests="1" name="BDDMavenGroup.SeleniumTest" time="0.005" errors="0" timestamp="2021-08-29T22:41:14 IST" skipped="0">
  <testcase classname="BDDMavenGroup.SeleniumTest" name="sTest" time="0.005"/>
  <system-out/>
</testsuite> <!-- BDDMavenGroup.SeleniumTest -->
