<?xml version="1.0" encoding="UTF-8"?>
<!-- Generated by org.testng.reporters.JUnitReportReporter -->
<testsuite hostname="LAPTOP-24SDF65R" failures="0" tests="1" name="BDDMavenGroup.AppiumTest" time="0.006" errors="0" timestamp="2021-08-29T22:43:46 IST" skipped="0">
  <testcase classname="BDDMavenGroup.AppiumTest" name="appTest" time="0.006"/>
  <system-out/>
</testsuite> <!-- BDDMavenGroup.AppiumTest -->
