<?xml version="1.0" encoding="UTF-8"?>
<!-- Generated by org.testng.reporters.JUnitReportReporter -->
<testsuite skipped="0" hostname="LAPTOP-24SDF65R" name="BDDMavenGroup.SeleniumTest" tests="1" failures="0" timestamp="2021-08-31T20:08:19 IST" time="0.000" errors="0">
  <testcase name="sTest" time="0.000" classname="BDDMavenGroup.SeleniumTest"/>
  <system-out/>
</testsuite> <!-- BDDMavenGroup.SeleniumTest -->
