<?xml version="1.0" encoding="UTF-8"?>
<!-- Generated by org.testng.reporters.JUnitReportReporter -->
<testsuite skipped="0" hostname="LAPTOP-24SDF65R" name="BDDMavenGroup.AppiumTest" tests="1" failures="0" timestamp="2021-08-31T20:08:19 IST" time="0.003" errors="0">
  <testcase name="appTest" time="0.003" classname="BDDMavenGroup.AppiumTest"/>
  <system-out/>
</testsuite> <!-- BDDMavenGroup.AppiumTest -->
